<?xml version="1.0" encoding="UTF-8"?>
<coverage generated="1674242437648" clover="3.2.0">
  <project timestamp="1674242437648" name="All files">
    <metrics statements="87" coveredstatements="49" conditionals="24" coveredconditionals="12" methods="43" coveredmethods="11" elements="154" coveredelements="72" complexity="0" loc="87" ncloc="87" packages="4" files="9" classes="9"/>
    <package name="components">
      <metrics statements="18" coveredstatements="15" conditionals="10" coveredconditionals="7" methods="8" coveredmethods="2"/>
      <file name="Card.js" path="/home/akruglov/Documents/Наставник/6 спринт/testing-approaches/src/components/Card.js">
        <metrics statements="11" coveredstatements="8" conditionals="4" coveredconditionals="2" methods="5" coveredmethods="1"/>
        <line num="9" count="1" type="stmt"/>
        <line num="10" count="1" type="stmt"/>
        <line num="13" count="0" type="stmt"/>
        <line num="16" count="1" type="stmt"/>
        <line num="17" count="1" type="stmt"/>
        <line num="21" count="1" type="stmt"/>
        <line num="22" count="1" type="stmt"/>
        <line num="27" count="0" type="stmt"/>
        <line num="31" count="0" type="stmt"/>
        <line num="34" count="1" type="stmt"/>
        <line num="61" count="1" type="stmt"/>
      </file>
      <file name="Header.js" path="/home/akruglov/Documents/Наставник/6 спринт/testing-approaches/src/components/Header.js">
        <metrics statements="7" coveredstatements="7" conditionals="6" coveredconditionals="5" methods="3" coveredmethods="1"/>
        <line num="10" count="5" type="stmt"/>
        <line num="12" count="5" type="stmt"/>
        <line num="13" count="5" type="cond" truecount="2" falsecount="0"/>
        <line num="15" count="5" type="stmt"/>
        <line num="16" count="5" type="stmt"/>
        <line num="18" count="5" type="stmt"/>
        <line num="20" count="5" type="stmt"/>
      </file>
    </package>
    <package name="store">
      <metrics statements="1" coveredstatements="1" conditionals="0" coveredconditionals="0" methods="0" coveredmethods="0"/>
      <file name="store.js" path="/home/akruglov/Documents/Наставник/6 спринт/testing-approaches/src/store/store.js">
        <metrics statements="1" coveredstatements="1" conditionals="0" coveredconditionals="0" methods="0" coveredmethods="0"/>
        <line num="8" count="2" type="stmt"/>
      </file>
    </package>
    <package name="store.auth">
      <metrics statements="47" coveredstatements="21" conditionals="10" coveredconditionals="3" methods="23" coveredmethods="6"/>
      <file name="actions.js" path="/home/akruglov/Documents/Наставник/6 спринт/testing-approaches/src/store/auth/actions.js">
        <metrics statements="37" coveredstatements="16" conditionals="2" coveredconditionals="0" methods="22" coveredmethods="5"/>
        <line num="1" count="3" type="stmt"/>
        <line num="3" count="3" type="stmt"/>
        <line num="12" count="3" type="stmt"/>
        <line num="17" count="3" type="stmt"/>
        <line num="22" count="3" type="stmt"/>
        <line num="27" count="3" type="stmt"/>
        <line num="32" count="3" type="stmt"/>
        <line num="37" count="3" type="stmt"/>
        <line num="42" count="3" type="stmt"/>
        <line num="47" count="1" type="stmt"/>
        <line num="48" count="1" type="stmt"/>
        <line num="49" count="1" type="stmt"/>
        <line num="52" count="0" type="stmt"/>
        <line num="53" count="0" type="stmt"/>
        <line num="55" count="1" type="stmt"/>
        <line num="58" count="3" type="stmt"/>
        <line num="63" count="0" type="stmt"/>
        <line num="64" count="0" type="stmt"/>
        <line num="65" count="0" type="stmt"/>
        <line num="68" count="0" type="stmt"/>
        <line num="69" count="0" type="stmt"/>
        <line num="72" count="0" type="stmt"/>
        <line num="73" count="0" type="stmt"/>
        <line num="75" count="0" type="stmt"/>
        <line num="78" count="3" type="stmt"/>
        <line num="79" count="0" type="stmt"/>
        <line num="80" count="0" type="stmt"/>
        <line num="81" count="0" type="cond" truecount="0" falsecount="2"/>
        <line num="82" count="0" type="stmt"/>
        <line num="85" count="0" type="stmt"/>
        <line num="87" count="0" type="stmt"/>
        <line num="88" count="0" type="stmt"/>
        <line num="90" count="0" type="stmt"/>
        <line num="91" count="0" type="stmt"/>
        <line num="95" count="3" type="stmt"/>
        <line num="96" count="0" type="stmt"/>
        <line num="97" count="0" type="stmt"/>
      </file>
      <file name="reducer.js" path="/home/akruglov/Documents/Наставник/6 спринт/testing-approaches/src/store/auth/reducer.js">
        <metrics statements="10" coveredstatements="5" conditionals="8" coveredconditionals="3" methods="1" coveredmethods="1"/>
        <line num="3" count="3" type="stmt"/>
        <line num="12" count="3" type="cond" truecount="1" falsecount="0"/>
        <line num="13" count="8" type="cond" truecount="2" falsecount="5"/>
        <line num="15" count="0" type="stmt"/>
        <line num="17" count="0" type="stmt"/>
        <line num="19" count="0" type="stmt"/>
        <line num="21" count="0" type="stmt"/>
        <line num="23" count="0" type="stmt"/>
        <line num="25" count="1" type="stmt"/>
        <line num="27" count="7" type="stmt"/>
      </file>
    </package>
    <package name="utils">
      <metrics statements="21" coveredstatements="12" conditionals="4" coveredconditionals="2" methods="12" coveredmethods="3"/>
      <file name="auth-api.js" path="/home/akruglov/Documents/Наставник/6 спринт/testing-approaches/src/utils/auth-api.js">
        <metrics statements="6" coveredstatements="4" conditionals="0" coveredconditionals="0" methods="3" coveredmethods="1"/>
        <line num="4" count="4" type="stmt"/>
        <line num="5" count="3" type="stmt"/>
        <line num="16" count="4" type="stmt"/>
        <line num="17" count="0" type="stmt"/>
        <line num="28" count="4" type="stmt"/>
        <line num="29" count="0" type="stmt"/>
      </file>
      <file name="constants.js" path="/home/akruglov/Documents/Наставник/6 спринт/testing-approaches/src/utils/constants.js">
        <metrics statements="2" coveredstatements="2" conditionals="0" coveredconditionals="0" methods="0" coveredmethods="0"/>
        <line num="1" count="4" type="stmt"/>
        <line num="7" count="4" type="stmt"/>
      </file>
      <file name="mesto-api.js" path="/home/akruglov/Documents/Наставник/6 спринт/testing-approaches/src/utils/mesto-api.js">
        <metrics statements="11" coveredstatements="4" conditionals="2" coveredconditionals="0" methods="8" coveredmethods="1"/>
        <line num="6" count="3" type="stmt"/>
        <line num="7" count="3" type="stmt"/>
        <line num="8" count="3" type="stmt"/>
        <line num="12" count="0" type="stmt"/>
        <line num="21" count="0" type="stmt"/>
        <line num="36" count="0" type="stmt"/>
        <line num="46" count="0" type="stmt"/>
        <line num="55" count="0" type="stmt"/>
        <line num="70" count="0" type="stmt"/>
        <line num="85" count="0" type="stmt"/>
        <line num="96" count="3" type="stmt"/>
      </file>
      <file name="utils.js" path="/home/akruglov/Documents/Наставник/6 спринт/testing-approaches/src/utils/utils.js">
        <metrics statements="2" coveredstatements="2" conditionals="2" coveredconditionals="2" methods="1" coveredmethods="1"/>
        <line num="1" count="5" type="stmt"/>
        <line num="2" count="5" type="cond" truecount="2" falsecount="0"/>
      </file>
    </package>
  </project>
</coverage>
