{"/home/akruglov/Documents/Наставник/6 спринт/testing-approaches/src/components/Card.js": {"path":"/home/akruglov/Documents/Наставник/6 спринт/testing-approaches/src/components/Card.js","statementMap":{"0":{"start":{"line":9,"column":19},"end":{"line":9,"column":32}},"1":{"start":{"line":10,"column":22},"end":{"line":10,"column":49}},"2":{"start":{"line":13,"column":4},"end":{"line":13,"column":23}},"3":{"start":{"line":16,"column":18},"end":{"line":16,"column":67}},"4":{"start":{"line":16,"column":41},"end":{"line":16,"column":66}},"5":{"start":{"line":17,"column":34},"end":{"line":19,"column":4}},"6":{"start":{"line":21,"column":16},"end":{"line":21,"column":50}},"7":{"start":{"line":22,"column":36},"end":{"line":24,"column":4}},"8":{"start":{"line":27,"column":4},"end":{"line":27,"column":55}},"9":{"start":{"line":31,"column":4},"end":{"line":31,"column":19}},"10":{"start":{"line":34,"column":2},"end":{"line":58,"column":4}},"11":{"start":{"line":61,"column":0},"end":{"line":65,"column":2}}},"fnMap":{"0":{"name":"Card","decl":{"start":{"line":8,"column":9},"end":{"line":8,"column":13}},"loc":{"start":{"line":8,"column":48},"end":{"line":59,"column":1}},"line":8},"1":{"name":"handleImageClick","decl":{"start":{"line":12,"column":11},"end":{"line":12,"column":27}},"loc":{"start":{"line":12,"column":30},"end":{"line":14,"column":3}},"line":12},"2":{"name":"(anonymous_2)","decl":{"start":{"line":16,"column":34},"end":{"line":16,"column":35}},"loc":{"start":{"line":16,"column":41},"end":{"line":16,"column":66}},"line":16},"3":{"name":"handleLikeClick","decl":{"start":{"line":26,"column":11},"end":{"line":26,"column":26}},"loc":{"start":{"line":26,"column":29},"end":{"line":28,"column":3}},"line":26},"4":{"name":"handleDeleteClick","decl":{"start":{"line":30,"column":11},"end":{"line":30,"column":28}},"loc":{"start":{"line":30,"column":31},"end":{"line":32,"column":3}},"line":30}},"branchMap":{"0":{"loc":{"start":{"line":18,"column":4},"end":{"line":18,"column":44}},"type":"binary-expr","locations":[{"start":{"line":18,"column":4},"end":{"line":18,"column":11}},{"start":{"line":18,"column":15},"end":{"line":18,"column":44}}],"line":18},"1":{"loc":{"start":{"line":23,"column":4},"end":{"line":23,"column":72}},"type":"cond-expr","locations":[{"start":{"line":23,"column":12},"end":{"line":23,"column":41}},{"start":{"line":23,"column":44},"end":{"line":23,"column":72}}],"line":23}},"s":{"0":1,"1":1,"2":0,"3":1,"4":0,"5":1,"6":1,"7":1,"8":0,"9":0,"10":1,"11":1},"f":{"0":1,"1":0,"2":0,"3":0,"4":0},"b":{"0":[1,0],"1":[0,1]},"_coverageSchema":"1a1c01bbd47fc00a2c39e90264f33305004495a9","hash":"ba62967a38a4ecc5cd6ce3c0d3fe1a3fecb03230"}
,"/home/akruglov/Documents/Наставник/6 спринт/testing-approaches/src/components/Header.js": {"path":"/home/akruglov/Documents/Наставник/6 спринт/testing-approaches/src/components/Header.js","statementMap":{"0":{"start":{"line":10,"column":36},"end":{"line":10,"column":51}},"1":{"start":{"line":12,"column":19},"end":{"line":12,"column":32}},"2":{"start":{"line":13,"column":20},"end":{"line":13,"column":50}},"3":{"start":{"line":15,"column":21},"end":{"line":15,"column":51}},"4":{"start":{"line":15,"column":27},"end":{"line":15,"column":51}},"5":{"start":{"line":16,"column":24},"end":{"line":16,"column":49}},"6":{"start":{"line":16,"column":30},"end":{"line":16,"column":49}},"7":{"start":{"line":18,"column":17},"end":{"line":18,"column":58}},"8":{"start":{"line":20,"column":2},"end":{"line":68,"column":4}}},"fnMap":{"0":{"name":"Header","decl":{"start":{"line":9,"column":9},"end":{"line":9,"column":15}},"loc":{"start":{"line":9,"column":18},"end":{"line":69,"column":1}},"line":9},"1":{"name":"(anonymous_1)","decl":{"start":{"line":15,"column":21},"end":{"line":15,"column":22}},"loc":{"start":{"line":15,"column":27},"end":{"line":15,"column":51}},"line":15},"2":{"name":"(anonymous_2)","decl":{"start":{"line":16,"column":24},"end":{"line":16,"column":25}},"loc":{"start":{"line":16,"column":30},"end":{"line":16,"column":49}},"line":16}},"branchMap":{"0":{"loc":{"start":{"line":13,"column":20},"end":{"line":13,"column":50}},"type":"binary-expr","locations":[{"start":{"line":13,"column":20},"end":{"line":13,"column":44}},{"start":{"line":13,"column":48},"end":{"line":13,"column":50}}],"line":13},"1":{"loc":{"start":{"line":23,"column":11},"end":{"line":23,"column":47}},"type":"cond-expr","locations":[{"start":{"line":23,"column":24},"end":{"line":23,"column":42}},{"start":{"line":23,"column":45},"end":{"line":23,"column":47}}],"line":23},"2":{"loc":{"start":{"line":24,"column":11},"end":{"line":24,"column":43}},"type":"cond-expr","locations":[{"start":{"line":24,"column":20},"end":{"line":24,"column":38}},{"start":{"line":24,"column":41},"end":{"line":24,"column":43}}],"line":24}},"s":{"0":5,"1":5,"2":5,"3":5,"4":0,"5":5,"6":0,"7":5,"8":5},"f":{"0":5,"1":0,"2":0},"b":{"0":[5,5],"1":[0,5],"2":[2,3]},"_coverageSchema":"1a1c01bbd47fc00a2c39e90264f33305004495a9","hash":"f3d320cea391067a5f40c00c8581b0bb56e6c4bc"}
,"/home/akruglov/Documents/Наставник/6 спринт/testing-approaches/src/store/store.js": {"path":"/home/akruglov/Documents/Наставник/6 спринт/testing-approaches/src/store/store.js","statementMap":{"0":{"start":{"line":8,"column":14},"end":{"line":13,"column":1}}},"fnMap":{},"branchMap":{},"s":{"0":2},"f":{},"b":{},"_coverageSchema":"1a1c01bbd47fc00a2c39e90264f33305004495a9","hash":"3f4e04423591df9b8ec90e00014745201022f617"}
,"/home/akruglov/Documents/Наставник/6 спринт/testing-approaches/src/store/auth/actions.js": {"path":"/home/akruglov/Documents/Наставник/6 спринт/testing-approaches/src/store/auth/actions.js","statementMap":{"0":{"start":{"line":1,"column":20},"end":{"line":1,"column":26}},"1":{"start":{"line":3,"column":27},"end":{"line":10,"column":1}},"2":{"start":{"line":12,"column":27},"end":{"line":15,"column":2}},"3":{"start":{"line":12,"column":38},"end":{"line":15,"column":1}},"4":{"start":{"line":17,"column":31},"end":{"line":20,"column":2}},"5":{"start":{"line":17,"column":48},"end":{"line":20,"column":1}},"6":{"start":{"line":22,"column":34},"end":{"line":25,"column":2}},"7":{"start":{"line":22,"column":50},"end":{"line":25,"column":1}},"8":{"start":{"line":27,"column":36},"end":{"line":30,"column":2}},"9":{"start":{"line":27,"column":48},"end":{"line":30,"column":1}},"10":{"start":{"line":32,"column":31},"end":{"line":35,"column":2}},"11":{"start":{"line":32,"column":47},"end":{"line":35,"column":1}},"12":{"start":{"line":37,"column":33},"end":{"line":40,"column":2}},"13":{"start":{"line":37,"column":45},"end":{"line":40,"column":1}},"14":{"start":{"line":42,"column":24},"end":{"line":56,"column":1}},"15":{"start":{"line":42,"column":49},"end":{"line":56,"column":1}},"16":{"start":{"line":47,"column":2},"end":{"line":47,"column":37}},"17":{"start":{"line":48,"column":2},"end":{"line":48,"column":37}},"18":{"start":{"line":49,"column":2},"end":{"line":55,"column":56}},"19":{"start":{"line":52,"column":6},"end":{"line":52,"column":44}},"20":{"start":{"line":53,"column":6},"end":{"line":53,"column":35}},"21":{"start":{"line":55,"column":19},"end":{"line":55,"column":54}},"22":{"start":{"line":58,"column":21},"end":{"line":76,"column":1}},"23":{"start":{"line":58,"column":46},"end":{"line":76,"column":1}},"24":{"start":{"line":63,"column":2},"end":{"line":63,"column":34}},"25":{"start":{"line":64,"column":2},"end":{"line":64,"column":34}},"26":{"start":{"line":65,"column":2},"end":{"line":75,"column":53}},"27":{"start":{"line":68,"column":6},"end":{"line":68,"column":39}},"28":{"start":{"line":69,"column":6},"end":{"line":69,"column":45}},"29":{"start":{"line":72,"column":6},"end":{"line":72,"column":41}},"30":{"start":{"line":73,"column":6},"end":{"line":73,"column":35}},"31":{"start":{"line":75,"column":19},"end":{"line":75,"column":51}},"32":{"start":{"line":78,"column":25},"end":{"line":93,"column":1}},"33":{"start":{"line":78,"column":31},"end":{"line":93,"column":1}},"34":{"start":{"line":79,"column":2},"end":{"line":79,"column":34}},"35":{"start":{"line":80,"column":16},"end":{"line":80,"column":43}},"36":{"start":{"line":81,"column":2},"end":{"line":92,"column":3}},"37":{"start":{"line":82,"column":4},"end":{"line":88,"column":55}},"38":{"start":{"line":85,"column":8},"end":{"line":85,"column":40}},"39":{"start":{"line":87,"column":22},"end":{"line":87,"column":25}},"40":{"start":{"line":88,"column":21},"end":{"line":88,"column":53}},"41":{"start":{"line":90,"column":4},"end":{"line":90,"column":37}},"42":{"start":{"line":91,"column":4},"end":{"line":91,"column":29}},"43":{"start":{"line":95,"column":23},"end":{"line":98,"column":1}},"44":{"start":{"line":95,"column":29},"end":{"line":98,"column":1}},"45":{"start":{"line":96,"column":2},"end":{"line":96,"column":30}},"46":{"start":{"line":97,"column":2},"end":{"line":97,"column":33}}},"fnMap":{"0":{"name":"(anonymous_0)","decl":{"start":{"line":12,"column":27},"end":{"line":12,"column":28}},"loc":{"start":{"line":12,"column":38},"end":{"line":15,"column":1}},"line":12},"1":{"name":"(anonymous_1)","decl":{"start":{"line":17,"column":31},"end":{"line":17,"column":32}},"loc":{"start":{"line":17,"column":48},"end":{"line":20,"column":1}},"line":17},"2":{"name":"(anonymous_2)","decl":{"start":{"line":22,"column":34},"end":{"line":22,"column":35}},"loc":{"start":{"line":22,"column":50},"end":{"line":25,"column":1}},"line":22},"3":{"name":"(anonymous_3)","decl":{"start":{"line":27,"column":36},"end":{"line":27,"column":37}},"loc":{"start":{"line":27,"column":48},"end":{"line":30,"column":1}},"line":27},"4":{"name":"(anonymous_4)","decl":{"start":{"line":32,"column":31},"end":{"line":32,"column":32}},"loc":{"start":{"line":32,"column":47},"end":{"line":35,"column":1}},"line":32},"5":{"name":"(anonymous_5)","decl":{"start":{"line":37,"column":33},"end":{"line":37,"column":34}},"loc":{"start":{"line":37,"column":45},"end":{"line":40,"column":1}},"line":37},"6":{"name":"(anonymous_6)","decl":{"start":{"line":42,"column":24},"end":{"line":42,"column":25}},"loc":{"start":{"line":42,"column":49},"end":{"line":56,"column":1}},"line":42},"7":{"name":"(anonymous_7)","decl":{"start":{"line":42,"column":49},"end":{"line":42,"column":50}},"loc":{"start":{"line":46,"column":5},"end":{"line":56,"column":1}},"line":46},"8":{"name":"(anonymous_8)","decl":{"start":{"line":51,"column":11},"end":{"line":51,"column":12}},"loc":{"start":{"line":51,"column":22},"end":{"line":54,"column":5}},"line":51},"9":{"name":"(anonymous_9)","decl":{"start":{"line":55,"column":13},"end":{"line":55,"column":14}},"loc":{"start":{"line":55,"column":19},"end":{"line":55,"column":54}},"line":55},"10":{"name":"(anonymous_10)","decl":{"start":{"line":58,"column":21},"end":{"line":58,"column":22}},"loc":{"start":{"line":58,"column":46},"end":{"line":76,"column":1}},"line":58},"11":{"name":"(anonymous_11)","decl":{"start":{"line":58,"column":46},"end":{"line":58,"column":47}},"loc":{"start":{"line":62,"column":5},"end":{"line":76,"column":1}},"line":62},"12":{"name":"(anonymous_12)","decl":{"start":{"line":67,"column":10},"end":{"line":67,"column":11}},"loc":{"start":{"line":67,"column":20},"end":{"line":70,"column":5}},"line":67},"13":{"name":"(anonymous_13)","decl":{"start":{"line":71,"column":11},"end":{"line":71,"column":12}},"loc":{"start":{"line":71,"column":22},"end":{"line":74,"column":5}},"line":71},"14":{"name":"(anonymous_14)","decl":{"start":{"line":75,"column":13},"end":{"line":75,"column":14}},"loc":{"start":{"line":75,"column":19},"end":{"line":75,"column":51}},"line":75},"15":{"name":"(anonymous_15)","decl":{"start":{"line":78,"column":25},"end":{"line":78,"column":26}},"loc":{"start":{"line":78,"column":31},"end":{"line":93,"column":1}},"line":78},"16":{"name":"(anonymous_16)","decl":{"start":{"line":78,"column":31},"end":{"line":78,"column":32}},"loc":{"start":{"line":78,"column":69},"end":{"line":93,"column":1}},"line":78},"17":{"name":"(anonymous_17)","decl":{"start":{"line":84,"column":12},"end":{"line":84,"column":13}},"loc":{"start":{"line":84,"column":21},"end":{"line":86,"column":7}},"line":84},"18":{"name":"(anonymous_18)","decl":{"start":{"line":87,"column":13},"end":{"line":87,"column":14}},"loc":{"start":{"line":87,"column":22},"end":{"line":87,"column":25}},"line":87},"19":{"name":"(anonymous_19)","decl":{"start":{"line":88,"column":15},"end":{"line":88,"column":16}},"loc":{"start":{"line":88,"column":21},"end":{"line":88,"column":53}},"line":88},"20":{"name":"(anonymous_20)","decl":{"start":{"line":95,"column":23},"end":{"line":95,"column":24}},"loc":{"start":{"line":95,"column":29},"end":{"line":98,"column":1}},"line":95},"21":{"name":"(anonymous_21)","decl":{"start":{"line":95,"column":29},"end":{"line":95,"column":30}},"loc":{"start":{"line":95,"column":43},"end":{"line":98,"column":1}},"line":95}},"branchMap":{"0":{"loc":{"start":{"line":81,"column":2},"end":{"line":92,"column":3}},"type":"if","locations":[{"start":{"line":81,"column":2},"end":{"line":92,"column":3}},{"start":{"line":89,"column":9},"end":{"line":92,"column":3}}],"line":81}},"s":{"0":3,"1":3,"2":3,"3":0,"4":3,"5":0,"6":3,"7":3,"8":3,"9":1,"10":3,"11":0,"12":3,"13":0,"14":3,"15":1,"16":1,"17":1,"18":1,"19":0,"20":0,"21":1,"22":3,"23":0,"24":0,"25":0,"26":0,"27":0,"28":0,"29":0,"30":0,"31":0,"32":3,"33":0,"34":0,"35":0,"36":0,"37":0,"38":0,"39":0,"40":0,"41":0,"42":0,"43":3,"44":0,"45":0,"46":0},"f":{"0":0,"1":0,"2":3,"3":1,"4":0,"5":0,"6":1,"7":1,"8":0,"9":1,"10":0,"11":0,"12":0,"13":0,"14":0,"15":0,"16":0,"17":0,"18":0,"19":0,"20":0,"21":0},"b":{"0":[0,0]},"_coverageSchema":"1a1c01bbd47fc00a2c39e90264f33305004495a9","hash":"7e962de5fc1e78034c0800688c7dd6d45b99efd8"}
,"/home/akruglov/Documents/Наставник/6 спринт/testing-approaches/src/store/auth/reducer.js": {"path":"/home/akruglov/Documents/Наставник/6 спринт/testing-approaches/src/store/auth/reducer.js","statementMap":{"0":{"start":{"line":3,"column":28},"end":{"line":10,"column":1}},"1":{"start":{"line":12,"column":16},"end":{"line":29,"column":1}},"2":{"start":{"line":13,"column":2},"end":{"line":28,"column":3}},"3":{"start":{"line":15,"column":6},"end":{"line":15,"column":48}},"4":{"start":{"line":17,"column":6},"end":{"line":17,"column":56}},"5":{"start":{"line":19,"column":6},"end":{"line":19,"column":59}},"6":{"start":{"line":21,"column":6},"end":{"line":21,"column":57}},"7":{"start":{"line":23,"column":6},"end":{"line":23,"column":56}},"8":{"start":{"line":25,"column":6},"end":{"line":25,"column":54}},"9":{"start":{"line":27,"column":6},"end":{"line":27,"column":19}}},"fnMap":{"0":{"name":"(anonymous_0)","decl":{"start":{"line":12,"column":16},"end":{"line":12,"column":17}},"loc":{"start":{"line":12,"column":50},"end":{"line":29,"column":1}},"line":12}},"branchMap":{"0":{"loc":{"start":{"line":12,"column":17},"end":{"line":12,"column":37}},"type":"default-arg","locations":[{"start":{"line":12,"column":25},"end":{"line":12,"column":37}}],"line":12},"1":{"loc":{"start":{"line":13,"column":2},"end":{"line":28,"column":3}},"type":"switch","locations":[{"start":{"line":14,"column":4},"end":{"line":15,"column":48}},{"start":{"line":16,"column":4},"end":{"line":17,"column":56}},{"start":{"line":18,"column":4},"end":{"line":19,"column":59}},{"start":{"line":20,"column":4},"end":{"line":21,"column":57}},{"start":{"line":22,"column":4},"end":{"line":23,"column":56}},{"start":{"line":24,"column":4},"end":{"line":25,"column":54}},{"start":{"line":26,"column":4},"end":{"line":27,"column":19}}],"line":13}},"s":{"0":3,"1":3,"2":8,"3":0,"4":0,"5":0,"6":0,"7":0,"8":1,"9":7},"f":{"0":8},"b":{"0":[8],"1":[0,0,0,0,0,1,7]},"_coverageSchema":"1a1c01bbd47fc00a2c39e90264f33305004495a9","hash":"eb64f96c1b5b9c873757e65f8f9d66651ae44322"}
,"/home/akruglov/Documents/Наставник/6 спринт/testing-approaches/src/utils/auth-api.js": {"path":"/home/akruglov/Documents/Наставник/6 спринт/testing-approaches/src/utils/auth-api.js","statementMap":{"0":{"start":{"line":4,"column":24},"end":{"line":14,"column":1}},"1":{"start":{"line":5,"column":2},"end":{"line":13,"column":20}},"2":{"start":{"line":16,"column":21},"end":{"line":26,"column":1}},"3":{"start":{"line":17,"column":2},"end":{"line":25,"column":20}},"4":{"start":{"line":28,"column":26},"end":{"line":38,"column":1}},"5":{"start":{"line":29,"column":2},"end":{"line":37,"column":20}}},"fnMap":{"0":{"name":"(anonymous_0)","decl":{"start":{"line":4,"column":24},"end":{"line":4,"column":25}},"loc":{"start":{"line":4,"column":45},"end":{"line":14,"column":1}},"line":4},"1":{"name":"(anonymous_1)","decl":{"start":{"line":16,"column":21},"end":{"line":16,"column":22}},"loc":{"start":{"line":16,"column":42},"end":{"line":26,"column":1}},"line":16},"2":{"name":"(anonymous_2)","decl":{"start":{"line":28,"column":26},"end":{"line":28,"column":27}},"loc":{"start":{"line":28,"column":37},"end":{"line":38,"column":1}},"line":28}},"branchMap":{},"s":{"0":4,"1":3,"2":4,"3":0,"4":4,"5":0},"f":{"0":3,"1":0,"2":0},"b":{},"_coverageSchema":"1a1c01bbd47fc00a2c39e90264f33305004495a9","hash":"2c9df74eca985f0ff235ae7621e2bd83aa4607e5"}
,"/home/akruglov/Documents/Наставник/6 спринт/testing-approaches/src/utils/constants.js": {"path":"/home/akruglov/Documents/Наставник/6 спринт/testing-approaches/src/utils/constants.js","statementMap":{"0":{"start":{"line":1,"column":28},"end":{"line":5,"column":1}},"1":{"start":{"line":7,"column":31},"end":{"line":7,"column":62}}},"fnMap":{},"branchMap":{},"s":{"0":4,"1":4},"f":{},"b":{},"_coverageSchema":"1a1c01bbd47fc00a2c39e90264f33305004495a9","hash":"ecad2e1e6a9fcf0fe961fa0d035bfb3e9904c8e3"}
,"/home/akruglov/Documents/Наставник/6 спринт/testing-approaches/src/utils/mesto-api.js": {"path":"/home/akruglov/Documents/Наставник/6 спринт/testing-approaches/src/utils/mesto-api.js","statementMap":{"0":{"start":{"line":6,"column":4},"end":{"line":6,"column":24}},"1":{"start":{"line":7,"column":4},"end":{"line":7,"column":28}},"2":{"start":{"line":8,"column":4},"end":{"line":8,"column":28}},"3":{"start":{"line":12,"column":4},"end":{"line":17,"column":24}},"4":{"start":{"line":21,"column":4},"end":{"line":32,"column":24}},"5":{"start":{"line":36,"column":4},"end":{"line":42,"column":24}},"6":{"start":{"line":46,"column":4},"end":{"line":51,"column":24}},"7":{"start":{"line":55,"column":4},"end":{"line":66,"column":24}},"8":{"start":{"line":70,"column":4},"end":{"line":80,"column":24}},"9":{"start":{"line":85,"column":4},"end":{"line":92,"column":24}},"10":{"start":{"line":96,"column":12},"end":{"line":96,"column":38}}},"fnMap":{"0":{"name":"(anonymous_0)","decl":{"start":{"line":5,"column":2},"end":{"line":5,"column":3}},"loc":{"start":{"line":5,"column":43},"end":{"line":9,"column":3}},"line":5},"1":{"name":"(anonymous_1)","decl":{"start":{"line":11,"column":2},"end":{"line":11,"column":3}},"loc":{"start":{"line":11,"column":16},"end":{"line":18,"column":3}},"line":11},"2":{"name":"(anonymous_2)","decl":{"start":{"line":20,"column":2},"end":{"line":20,"column":3}},"loc":{"start":{"line":20,"column":26},"end":{"line":33,"column":3}},"line":20},"3":{"name":"(anonymous_3)","decl":{"start":{"line":35,"column":2},"end":{"line":35,"column":3}},"loc":{"start":{"line":35,"column":21},"end":{"line":43,"column":3}},"line":35},"4":{"name":"(anonymous_4)","decl":{"start":{"line":45,"column":2},"end":{"line":45,"column":3}},"loc":{"start":{"line":45,"column":16},"end":{"line":52,"column":3}},"line":45},"5":{"name":"(anonymous_5)","decl":{"start":{"line":54,"column":2},"end":{"line":54,"column":3}},"loc":{"start":{"line":54,"column":31},"end":{"line":67,"column":3}},"line":54},"6":{"name":"(anonymous_6)","decl":{"start":{"line":69,"column":2},"end":{"line":69,"column":3}},"loc":{"start":{"line":69,"column":28},"end":{"line":82,"column":3}},"line":69},"7":{"name":"(anonymous_7)","decl":{"start":{"line":84,"column":2},"end":{"line":84,"column":3}},"loc":{"start":{"line":84,"column":37},"end":{"line":93,"column":3}},"line":84}},"branchMap":{"0":{"loc":{"start":{"line":86,"column":14},"end":{"line":86,"column":37}},"type":"cond-expr","locations":[{"start":{"line":86,"column":21},"end":{"line":86,"column":26}},{"start":{"line":86,"column":29},"end":{"line":86,"column":37}}],"line":86}},"s":{"0":3,"1":3,"2":3,"3":0,"4":0,"5":0,"6":0,"7":0,"8":0,"9":0,"10":3},"f":{"0":3,"1":0,"2":0,"3":0,"4":0,"5":0,"6":0,"7":0},"b":{"0":[0,0]},"_coverageSchema":"1a1c01bbd47fc00a2c39e90264f33305004495a9","hash":"56dffa4ea6c6d5ef2700a84a28f320c0fe2fa110"}
,"/home/akruglov/Documents/Наставник/6 спринт/testing-approaches/src/utils/utils.js": {"path":"/home/akruglov/Documents/Наставник/6 спринт/testing-approaches/src/utils/utils.js","statementMap":{"0":{"start":{"line":1,"column":27},"end":{"line":3,"column":1}},"1":{"start":{"line":2,"column":2},"end":{"line":2,"column":71}}},"fnMap":{"0":{"name":"(anonymous_0)","decl":{"start":{"line":1,"column":27},"end":{"line":1,"column":28}},"loc":{"start":{"line":1,"column":36},"end":{"line":3,"column":1}},"line":1}},"branchMap":{"0":{"loc":{"start":{"line":2,"column":9},"end":{"line":2,"column":70}},"type":"cond-expr","locations":[{"start":{"line":2,"column":18},"end":{"line":2,"column":28}},{"start":{"line":2,"column":31},"end":{"line":2,"column":70}}],"line":2}},"s":{"0":5,"1":5},"f":{"0":5},"b":{"0":[3,2]},"_coverageSchema":"1a1c01bbd47fc00a2c39e90264f33305004495a9","hash":"433f3cdfdef0f2401dfa3e3478b2c9a5ad2edada"}
}
