TN:
SF:src/components/Card.js
FN:8,Card
FN:12,handleImageClick
FN:16,(anonymous_2)
FN:26,handleLikeClick
FN:30,handleDeleteClick
FNF:5
FNH:1
FNDA:1,Card
FNDA:0,handleImageClick
FNDA:0,(anonymous_2)
FNDA:0,handleLikeClick
FNDA:0,handleDeleteClick
DA:9,1
DA:10,1
DA:13,0
DA:16,1
DA:17,1
DA:21,1
DA:22,1
DA:27,0
DA:31,0
DA:34,1
DA:61,1
LF:11
LH:8
BRDA:18,0,0,1
BRDA:18,0,1,0
BRDA:23,1,0,0
BRDA:23,1,1,1
BRF:4
BRH:2
end_of_record
TN:
SF:src/components/Header.js
FN:9,Header
FN:15,(anonymous_1)
FN:16,(anonymous_2)
FNF:3
FNH:1
FNDA:5,Header
FNDA:0,(anonymous_1)
FNDA:0,(anonymous_2)
DA:10,5
DA:12,5
DA:13,5
DA:15,5
DA:16,5
DA:18,5
DA:20,5
LF:7
LH:7
BRDA:13,0,0,5
BRDA:13,0,1,5
BRDA:23,1,0,0
BRDA:23,1,1,5
BRDA:24,2,0,2
BRDA:24,2,1,3
BRF:6
BRH:5
end_of_record
TN:
SF:src/store/store.js
FNF:0
FNH:0
DA:8,2
LF:1
LH:1
BRF:0
BRH:0
end_of_record
TN:
SF:src/store/auth/actions.js
FN:12,(anonymous_0)
FN:17,(anonymous_1)
FN:22,(anonymous_2)
FN:27,(anonymous_3)
FN:32,(anonymous_4)
FN:37,(anonymous_5)
FN:42,(anonymous_6)
FN:42,(anonymous_7)
FN:51,(anonymous_8)
FN:55,(anonymous_9)
FN:58,(anonymous_10)
FN:58,(anonymous_11)
FN:67,(anonymous_12)
FN:71,(anonymous_13)
FN:75,(anonymous_14)
FN:78,(anonymous_15)
FN:78,(anonymous_16)
FN:84,(anonymous_17)
FN:87,(anonymous_18)
FN:88,(anonymous_19)
FN:95,(anonymous_20)
FN:95,(anonymous_21)
FNF:22
FNH:5
FNDA:0,(anonymous_0)
FNDA:0,(anonymous_1)
FNDA:3,(anonymous_2)
FNDA:1,(anonymous_3)
FNDA:0,(anonymous_4)
FNDA:0,(anonymous_5)
FNDA:1,(anonymous_6)
FNDA:1,(anonymous_7)
FNDA:0,(anonymous_8)
FNDA:1,(anonymous_9)
FNDA:0,(anonymous_10)
FNDA:0,(anonymous_11)
FNDA:0,(anonymous_12)
FNDA:0,(anonymous_13)
FNDA:0,(anonymous_14)
FNDA:0,(anonymous_15)
FNDA:0,(anonymous_16)
FNDA:0,(anonymous_17)
FNDA:0,(anonymous_18)
FNDA:0,(anonymous_19)
FNDA:0,(anonymous_20)
FNDA:0,(anonymous_21)
DA:1,3
DA:3,3
DA:12,3
DA:17,3
DA:22,3
DA:27,3
DA:32,3
DA:37,3
DA:42,3
DA:47,1
DA:48,1
DA:49,1
DA:52,0
DA:53,0
DA:55,1
DA:58,3
DA:63,0
DA:64,0
DA:65,0
DA:68,0
DA:69,0
DA:72,0
DA:73,0
DA:75,0
DA:78,3
DA:79,0
DA:80,0
DA:81,0
DA:82,0
DA:85,0
DA:87,0
DA:88,0
DA:90,0
DA:91,0
DA:95,3
DA:96,0
DA:97,0
LF:37
LH:16
BRDA:81,0,0,0
BRDA:81,0,1,0
BRF:2
BRH:0
end_of_record
TN:
SF:src/store/auth/reducer.js
FN:12,(anonymous_0)
FNF:1
FNH:1
FNDA:8,(anonymous_0)
DA:3,3
DA:12,3
DA:13,8
DA:15,0
DA:17,0
DA:19,0
DA:21,0
DA:23,0
DA:25,1
DA:27,7
LF:10
LH:5
BRDA:12,0,0,8
BRDA:13,1,0,0
BRDA:13,1,1,0
BRDA:13,1,2,0
BRDA:13,1,3,0
BRDA:13,1,4,0
BRDA:13,1,5,1
BRDA:13,1,6,7
BRF:8
BRH:3
end_of_record
TN:
SF:src/utils/auth-api.js
FN:4,(anonymous_0)
FN:16,(anonymous_1)
FN:28,(anonymous_2)
FNF:3
FNH:1
FNDA:3,(anonymous_0)
FNDA:0,(anonymous_1)
FNDA:0,(anonymous_2)
DA:4,4
DA:5,3
DA:16,4
DA:17,0
DA:28,4
DA:29,0
LF:6
LH:4
BRF:0
BRH:0
end_of_record
TN:
SF:src/utils/constants.js
FNF:0
FNH:0
DA:1,4
DA:7,4
LF:2
LH:2
BRF:0
BRH:0
end_of_record
TN:
SF:src/utils/mesto-api.js
FN:5,(anonymous_0)
FN:11,(anonymous_1)
FN:20,(anonymous_2)
FN:35,(anonymous_3)
FN:45,(anonymous_4)
FN:54,(anonymous_5)
FN:69,(anonymous_6)
FN:84,(anonymous_7)
FNF:8
FNH:1
FNDA:3,(anonymous_0)
FNDA:0,(anonymous_1)
FNDA:0,(anonymous_2)
FNDA:0,(anonymous_3)
FNDA:0,(anonymous_4)
FNDA:0,(anonymous_5)
FNDA:0,(anonymous_6)
FNDA:0,(anonymous_7)
DA:6,3
DA:7,3
DA:8,3
DA:12,0
DA:21,0
DA:36,0
DA:46,0
DA:55,0
DA:70,0
DA:85,0
DA:96,3
LF:11
LH:4
BRDA:86,0,0,0
BRDA:86,0,1,0
BRF:2
BRH:0
end_of_record
TN:
SF:src/utils/utils.js
FN:1,(anonymous_0)
FNF:1
FNH:1
FNDA:5,(anonymous_0)
DA:1,5
DA:2,5
LF:2
LH:2
BRDA:2,0,0,3
BRDA:2,0,1,2
BRF:2
BRH:2
end_of_record
